[0324/142802.689:ERROR:crashpad_client_win.cc(811)] not connected
[0324/142802.801:ERROR:crashpad_client_win.cc(811)] not connected
[0324/171037.223:ERROR:crashpad_client_win.cc(811)] not connected
[0324/171037.414:ERROR:crashpad_client_win.cc(811)] not connected
[0327/003652.562:ERROR:crashpad_client_win.cc(811)] not connected
[0327/003652.858:ERROR:crashpad_client_win.cc(811)] not connected
[0328/220221.268:ERROR:crashpad_client_win.cc(811)] not connected
[0328/220221.380:ERROR:crashpad_client_win.cc(811)] not connected
[0328/220507.117:ERROR:crashpad_client_win.cc(811)] not connected
[0328/220507.236:ERROR:crashpad_client_win.cc(811)] not connected
[0328/234342.227:ERROR:crashpad_client_win.cc(811)] not connected
[0328/234342.228:ERROR:crashpad_client_win.cc(811)] not connected
[0329/032806.040:ERROR:crashpad_client_win.cc(811)] not connected
[0329/032806.302:ERROR:crashpad_client_win.cc(811)] not connected
[0402/161603.589:ERROR:crashpad_client_win.cc(811)] not connected
[0402/161603.965:ERROR:crashpad_client_win.cc(811)] not connected
[0413/033538.309:ERROR:crashpad_client_win.cc(811)] not connected
[0413/033538.556:ERROR:crashpad_client_win.cc(811)] not connected
[0413/034126.472:ERROR:crashpad_client_win.cc(811)] not connected
[0413/034126.632:ERROR:crashpad_client_win.cc(811)] not connected
[0413/044541.524:ERROR:crashpad_client_win.cc(811)] not connected
[0413/044541.725:ERROR:crashpad_client_win.cc(811)] not connected
[0413/121214.196:ERROR:crashpad_client_win.cc(811)] not connected
[0413/121214.431:ERROR:crashpad_client_win.cc(811)] not connected
[0417/014033.464:ERROR:crashpad_client_win.cc(811)] not connected
[0417/014033.692:ERROR:crashpad_client_win.cc(811)] not connected
<<<<<<< HEAD
[0420/142822.593:ERROR:crashpad_client_win.cc(811)] not connected
[0420/142822.886:ERROR:crashpad_client_win.cc(811)] not connected
[0420/144029.353:ERROR:crashpad_client_win.cc(811)] not connected
[0420/144029.594:ERROR:crashpad_client_win.cc(811)] not connected
[0423/105509.909:ERROR:crashpad_client_win.cc(811)] not connected
[0423/105510.439:ERROR:crashpad_client_win.cc(811)] not connected
[0425/171106.759:ERROR:crashpad_client_win.cc(811)] not connected
[0425/171107.089:ERROR:crashpad_client_win.cc(811)] not connected
[0502/115736.649:ERROR:crashpad_client_win.cc(811)] not connected
[0502/115736.822:ERROR:crashpad_client_win.cc(811)] not connected
=======
[0420/134234.398:ERROR:crashpad_client_win.cc(811)] not connected
[0420/134234.632:ERROR:crashpad_client_win.cc(811)] not connected
>>>>>>> ed3ad8ff5e58f43343bce64c7f628b8fda2a77be
[0507/103031.095:ERROR:third_party\crashpad\crashpad\client\crashpad_client_win.cc:811] not connected
[0509/180822.400:ERROR:third_party\crashpad\crashpad\client\crashpad_client_win.cc:811] not connected
[0510/024151.386:ERROR:third_party\crashpad\crashpad\client\crashpad_client_win.cc:811] not connected
[0511/005752.615:ERROR:third_party\crashpad\crashpad\client\crashpad_client_win.cc:811] not connected
[0511/113217.605:ERROR:third_party\crashpad\crashpad\client\crashpad_client_win.cc:811] not connected
[0511/175045.554:ERROR:third_party\crashpad\crashpad\client\crashpad_client_win.cc:811] not connected
[0514/011229.775:ERROR:third_party\crashpad\crashpad\client\crashpad_client_win.cc:811] not connected
